-------------------------------------------------------------------------------
Test set: com.firenay.mall.coupon.MallCouponApplicationTests
-------------------------------------------------------------------------------
Tests run: 1, Failures: 0, Errors: 1, Skipped: 0, Time elapsed: 16.48 s <<< FAILURE! - in com.firenay.mall.coupon.MallCouponApplicationTests
contextLoads  Time elapsed: 0.009 s  <<< ERROR!
java.lang.IllegalStateException: Failed to load ApplicationContext
Caused by: org.springframework.beans.factory.BeanCreationException: Error creating bean with name 'scopedTarget.couponController': Injection of autowired dependencies failed; nested exception is java.lang.IllegalArgumentException: Could not resolve placeholder 'coupon.user.name' in value "${coupon.user.name}"
Caused by: java.lang.IllegalArgumentException: Could not resolve placeholder 'coupon.user.name' in value "${coupon.user.name}"

